# Logfile created on 2014-05-17 01:47:50 -0400 by logger.rb/36483
D, [2014-05-17T01:47:50.080179 #7084] DEBUG -- : REQUESTING PAGE: GET / with {} and HTTP headers {}
D, [2014-05-17T01:47:50.133451 #7084] DEBUG -- : REQUESTING PAGE: GET /about with {} and HTTP headers {"HTTP_REFERER"=>"/"}
D, [2014-05-17T01:47:50.158465 #7084] DEBUG -- : REQUESTING PAGE: GET /help with {} and HTTP headers {"HTTP_REFERER"=>"/about"}
D, [2014-05-17T01:47:50.182069 #7084] DEBUG -- : REQUESTING PAGE: GET /contact with {} and HTTP headers {"HTTP_REFERER"=>"/help"}
D, [2014-05-17T01:47:50.206082 #7084] DEBUG -- : REQUESTING PAGE: GET / with {} and HTTP headers {"HTTP_REFERER"=>"/contact"}
D, [2014-05-17T01:47:50.283135 #7084] DEBUG -- : REQUESTING PAGE: GET /signup with {} and HTTP headers {"HTTP_REFERER"=>"/"}
D, [2014-05-17T01:49:14.036526 #164] DEBUG -- : REQUESTING PAGE: GET / with {} and HTTP headers {}
D, [2014-05-17T01:49:14.067781 #164] DEBUG -- : REQUESTING PAGE: GET /about with {} and HTTP headers {"HTTP_REFERER"=>"/"}
D, [2014-05-17T01:49:14.083406 #164] DEBUG -- : REQUESTING PAGE: GET /help with {} and HTTP headers {"HTTP_REFERER"=>"/about"}
D, [2014-05-17T01:49:14.099031 #164] DEBUG -- : REQUESTING PAGE: GET /contact with {} and HTTP headers {"HTTP_REFERER"=>"/help"}
D, [2014-05-17T01:49:14.177159 #164] DEBUG -- : REQUESTING PAGE: GET / with {} and HTTP headers {"HTTP_REFERER"=>"/contact"}
D, [2014-05-17T01:49:14.208410 #164] DEBUG -- : REQUESTING PAGE: GET /signup with {} and HTTP headers {"HTTP_REFERER"=>"/"}
D, [2014-05-18T23:06:39.408380 #1952] DEBUG -- : REQUESTING PAGE: GET / with {} and HTTP headers {}
D, [2014-05-18T23:06:39.441754 #1952] DEBUG -- : REQUESTING PAGE: GET /about with {} and HTTP headers {"HTTP_REFERER"=>"/"}
D, [2014-05-18T23:06:39.468772 #1952] DEBUG -- : REQUESTING PAGE: GET /help with {} and HTTP headers {"HTTP_REFERER"=>"/about"}
D, [2014-05-18T23:06:39.523808 #1952] DEBUG -- : REQUESTING PAGE: GET /contact with {} and HTTP headers {"HTTP_REFERER"=>"/help"}
D, [2014-05-18T23:06:39.551828 #1952] DEBUG -- : REQUESTING PAGE: GET / with {} and HTTP headers {"HTTP_REFERER"=>"/contact"}
D, [2014-05-18T23:06:39.574840 #1952] DEBUG -- : REQUESTING PAGE: GET /signup with {} and HTTP headers {"HTTP_REFERER"=>"/"}
D, [2014-05-19T11:38:58.608283 #4060] DEBUG -- : REQUESTING PAGE: GET / with {} and HTTP headers {}
D, [2014-05-19T11:38:58.638556 #4060] DEBUG -- : REQUESTING PAGE: GET /about with {} and HTTP headers {"HTTP_REFERER"=>"/"}
D, [2014-05-19T11:38:58.692589 #4060] DEBUG -- : REQUESTING PAGE: GET /help with {} and HTTP headers {"HTTP_REFERER"=>"/about"}
D, [2014-05-19T11:38:58.752396 #4060] DEBUG -- : REQUESTING PAGE: GET /contact with {} and HTTP headers {"HTTP_REFERER"=>"/help"}
D, [2014-05-19T11:38:58.780266 #4060] DEBUG -- : REQUESTING PAGE: GET / with {} and HTTP headers {"HTTP_REFERER"=>"/contact"}
D, [2014-05-19T11:38:58.806931 #4060] DEBUG -- : REQUESTING PAGE: GET /signup with {} and HTTP headers {"HTTP_REFERER"=>"/"}
D, [2014-05-19T11:52:24.900718 #1140] DEBUG -- : REQUESTING PAGE: GET / with {} and HTTP headers {}
D, [2014-05-19T11:52:24.927738 #1140] DEBUG -- : REQUESTING PAGE: GET /about with {} and HTTP headers {"HTTP_REFERER"=>"/"}
D, [2014-05-19T11:52:24.956757 #1140] DEBUG -- : REQUESTING PAGE: GET /help with {} and HTTP headers {"HTTP_REFERER"=>"/about"}
D, [2014-05-19T11:52:25.014793 #1140] DEBUG -- : REQUESTING PAGE: GET /contact with {} and HTTP headers {"HTTP_REFERER"=>"/help"}
D, [2014-05-19T11:52:25.084840 #1140] DEBUG -- : REQUESTING PAGE: GET / with {} and HTTP headers {"HTTP_REFERER"=>"/contact"}
D, [2014-05-19T11:52:25.112364 #1140] DEBUG -- : REQUESTING PAGE: GET /signup with {} and HTTP headers {"HTTP_REFERER"=>"/"}
D, [2014-05-19T11:53:11.377844 #5248] DEBUG -- : REQUESTING PAGE: GET / with {} and HTTP headers {}
D, [2014-05-19T11:53:11.435883 #5248] DEBUG -- : REQUESTING PAGE: GET /about with {} and HTTP headers {"HTTP_REFERER"=>"/"}
D, [2014-05-19T11:53:11.462901 #5248] DEBUG -- : REQUESTING PAGE: GET /help with {} and HTTP headers {"HTTP_REFERER"=>"/about"}
D, [2014-05-19T11:53:11.491918 #5248] DEBUG -- : REQUESTING PAGE: GET /contact with {} and HTTP headers {"HTTP_REFERER"=>"/help"}
D, [2014-05-19T11:53:11.576976 #5248] DEBUG -- : REQUESTING PAGE: GET / with {} and HTTP headers {"HTTP_REFERER"=>"/contact"}
D, [2014-05-19T11:53:11.604996 #5248] DEBUG -- : REQUESTING PAGE: GET /signup with {} and HTTP headers {"HTTP_REFERER"=>"/"}
D, [2014-05-19T12:28:03.676636 #2620] DEBUG -- : REQUESTING PAGE: GET / with {} and HTTP headers {}
D, [2014-05-19T12:28:03.821702 #2620] DEBUG -- : REQUESTING PAGE: GET /about with {} and HTTP headers {"HTTP_REFERER"=>"/"}
D, [2014-05-19T12:28:03.851725 #2620] DEBUG -- : REQUESTING PAGE: GET /help with {} and HTTP headers {"HTTP_REFERER"=>"/about"}
D, [2014-05-19T12:28:03.877742 #2620] DEBUG -- : REQUESTING PAGE: GET /contact with {} and HTTP headers {"HTTP_REFERER"=>"/help"}
D, [2014-05-19T12:28:03.935772 #2620] DEBUG -- : REQUESTING PAGE: GET / with {} and HTTP headers {"HTTP_REFERER"=>"/contact"}
D, [2014-05-19T12:28:03.994816 #2620] DEBUG -- : REQUESTING PAGE: GET /signup with {} and HTTP headers {"HTTP_REFERER"=>"/"}
D, [2014-05-19T13:43:09.602482 #6808] DEBUG -- : REQUESTING PAGE: GET / with {} and HTTP headers {}
D, [2014-05-19T13:43:09.635321 #6808] DEBUG -- : REQUESTING PAGE: GET /about with {} and HTTP headers {"HTTP_REFERER"=>"/"}
D, [2014-05-19T13:43:09.687354 #6808] DEBUG -- : REQUESTING PAGE: GET /help with {} and HTTP headers {"HTTP_REFERER"=>"/about"}
D, [2014-05-19T13:43:09.745392 #6808] DEBUG -- : REQUESTING PAGE: GET /contact with {} and HTTP headers {"HTTP_REFERER"=>"/help"}
D, [2014-05-19T13:43:09.772412 #6808] DEBUG -- : REQUESTING PAGE: GET / with {} and HTTP headers {"HTTP_REFERER"=>"/contact"}
D, [2014-05-19T13:43:09.798429 #6808] DEBUG -- : REQUESTING PAGE: GET /signup with {} and HTTP headers {"HTTP_REFERER"=>"/"}
D, [2014-05-19T13:50:49.442882 #1340] DEBUG -- : REQUESTING PAGE: GET / with {} and HTTP headers {}
D, [2014-05-19T13:50:49.497475 #1340] DEBUG -- : REQUESTING PAGE: GET /about with {} and HTTP headers {"HTTP_REFERER"=>"/"}
D, [2014-05-19T13:50:49.555511 #1340] DEBUG -- : REQUESTING PAGE: GET /help with {} and HTTP headers {"HTTP_REFERER"=>"/about"}
D, [2014-05-19T13:50:49.584434 #1340] DEBUG -- : REQUESTING PAGE: GET /contact with {} and HTTP headers {"HTTP_REFERER"=>"/help"}
D, [2014-05-19T13:50:49.610452 #1340] DEBUG -- : REQUESTING PAGE: GET / with {} and HTTP headers {"HTTP_REFERER"=>"/contact"}
D, [2014-05-19T13:50:49.692507 #1340] DEBUG -- : REQUESTING PAGE: GET /signup with {} and HTTP headers {"HTTP_REFERER"=>"/"}
D, [2014-05-19T13:51:22.795598 #7076] DEBUG -- : REQUESTING PAGE: GET / with {} and HTTP headers {}
D, [2014-05-19T13:51:22.916681 #7076] DEBUG -- : REQUESTING PAGE: GET /about with {} and HTTP headers {"HTTP_REFERER"=>"/"}
D, [2014-05-19T13:51:22.978720 #7076] DEBUG -- : REQUESTING PAGE: GET /help with {} and HTTP headers {"HTTP_REFERER"=>"/about"}
D, [2014-05-19T13:51:23.035759 #7076] DEBUG -- : REQUESTING PAGE: GET /contact with {} and HTTP headers {"HTTP_REFERER"=>"/help"}
D, [2014-05-19T13:51:23.092797 #7076] DEBUG -- : REQUESTING PAGE: GET / with {} and HTTP headers {"HTTP_REFERER"=>"/contact"}
D, [2014-05-19T13:51:23.150836 #7076] DEBUG -- : REQUESTING PAGE: GET /signup with {} and HTTP headers {"HTTP_REFERER"=>"/"}
D, [2014-05-19T13:52:28.995585 #4632] DEBUG -- : REQUESTING PAGE: GET / with {} and HTTP headers {}
D, [2014-05-19T13:52:29.114664 #4632] DEBUG -- : REQUESTING PAGE: GET /about with {} and HTTP headers {"HTTP_REFERER"=>"/"}
D, [2014-05-19T13:52:29.142685 #4632] DEBUG -- : REQUESTING PAGE: GET /help with {} and HTTP headers {"HTTP_REFERER"=>"/about"}
D, [2014-05-19T13:52:29.173708 #4632] DEBUG -- : REQUESTING PAGE: GET /contact with {} and HTTP headers {"HTTP_REFERER"=>"/help"}
D, [2014-05-19T13:52:29.229744 #4632] DEBUG -- : REQUESTING PAGE: GET / with {} and HTTP headers {"HTTP_REFERER"=>"/contact"}
D, [2014-05-19T13:52:29.287781 #4632] DEBUG -- : REQUESTING PAGE: GET /signup with {} and HTTP headers {"HTTP_REFERER"=>"/"}
D, [2014-05-19T13:56:44.792220 #5484] DEBUG -- : REQUESTING PAGE: GET / with {} and HTTP headers {}
D, [2014-05-19T13:56:44.843371 #5484] DEBUG -- : REQUESTING PAGE: GET /about with {} and HTTP headers {"HTTP_REFERER"=>"/"}
D, [2014-05-19T13:56:44.925425 #5484] DEBUG -- : REQUESTING PAGE: GET /help with {} and HTTP headers {"HTTP_REFERER"=>"/about"}
D, [2014-05-19T13:56:44.951442 #5484] DEBUG -- : REQUESTING PAGE: GET /contact with {} and HTTP headers {"HTTP_REFERER"=>"/help"}
D, [2014-05-19T13:56:44.977458 #5484] DEBUG -- : REQUESTING PAGE: GET / with {} and HTTP headers {"HTTP_REFERER"=>"/contact"}
D, [2014-05-19T13:56:45.029494 #5484] DEBUG -- : REQUESTING PAGE: GET /signup with {} and HTTP headers {"HTTP_REFERER"=>"/"}
D, [2014-05-19T14:38:47.039500 #5932] DEBUG -- : REQUESTING PAGE: GET / with {} and HTTP headers {}
D, [2014-05-19T14:38:47.067519 #5932] DEBUG -- : REQUESTING PAGE: GET /about with {} and HTTP headers {"HTTP_REFERER"=>"/"}
D, [2014-05-19T14:38:47.094539 #5932] DEBUG -- : REQUESTING PAGE: GET /help with {} and HTTP headers {"HTTP_REFERER"=>"/about"}
D, [2014-05-19T14:38:47.145573 #5932] DEBUG -- : REQUESTING PAGE: GET /contact with {} and HTTP headers {"HTTP_REFERER"=>"/help"}
D, [2014-05-19T14:38:47.203612 #5932] DEBUG -- : REQUESTING PAGE: GET / with {} and HTTP headers {"HTTP_REFERER"=>"/contact"}
D, [2014-05-19T14:38:47.229630 #5932] DEBUG -- : REQUESTING PAGE: GET /signup with {} and HTTP headers {"HTTP_REFERER"=>"/"}
D, [2014-05-19T14:39:24.139248 #6304] DEBUG -- : REQUESTING PAGE: GET / with {} and HTTP headers {}
D, [2014-05-19T14:39:24.167267 #6304] DEBUG -- : REQUESTING PAGE: GET /about with {} and HTTP headers {"HTTP_REFERER"=>"/"}
D, [2014-05-19T14:39:24.194285 #6304] DEBUG -- : REQUESTING PAGE: GET /help with {} and HTTP headers {"HTTP_REFERER"=>"/about"}
D, [2014-05-19T14:39:24.246319 #6304] DEBUG -- : REQUESTING PAGE: GET /contact with {} and HTTP headers {"HTTP_REFERER"=>"/help"}
D, [2014-05-19T14:39:24.303357 #6304] DEBUG -- : REQUESTING PAGE: GET / with {} and HTTP headers {"HTTP_REFERER"=>"/contact"}
D, [2014-05-19T14:39:24.331376 #6304] DEBUG -- : REQUESTING PAGE: GET /signup with {} and HTTP headers {"HTTP_REFERER"=>"/"}
